<?xml version="1.0" encoding="UTF-8"?>
<!-- Generated by org.testng.reporters.JUnitReportReporter -->
<testsuite skipped="0" hostname="MAA-sgnanase-L" name="hotwire.tests.BookingFlightTests" tests="1" failures="0" timestamp="22 Nov 2019 14:51:49 GMT" time="33.414" errors="0">
  <testcase name="testPackageBooking" time="33.414" classname="hotwire.tests.BookingFlightTests"/>
</testsuite> <!-- hotwire.tests.BookingFlightTests -->
