<?xml version="1.0" encoding="UTF-8"?>
<!-- Generated by org.testng.reporters.JUnitReportReporter -->
<testsuite skipped="0" hostname="MAA-sgnanase-L" name="hotwire.tests.BookingFlightTests" tests="1" failures="0" timestamp="23 Nov 2019 06:01:00 GMT" time="27.226" errors="0">
  <testcase name="testPackageBooking" time="27.226" classname="hotwire.tests.BookingFlightTests"/>
</testsuite> <!-- hotwire.tests.BookingFlightTests -->
